<?xml version="1.0" encoding="UTF-8"?>
<!-- Generated by org.testng.reporters.JUnitReportReporter -->
<testsuite skipped="0" hostname="DESKTOP-BA9S0CO" name="JenkinesTest" tests="1" failures="0" timestamp="22 Feb 2022 23:26:09 GMT" time="0.015" errors="0">
  <testcase name="myTest" time="0.015" classname="JenkinesTest"/>
</testsuite> <!-- JenkinesTest -->
